
  
  
---------------------------------------------------------------------------------------------------------
[16-11-2022 12:50:01]
/var/log//crontabgitnodejs.log
systemctl status cron
● cron.service - Regular background program processing daemon
     Loaded: loaded (/lib/systemd/system/cron.service; enabled; vendor preset: enabled)
     Active: active (running) since Wed 2022-11-16 12:18:44 UTC; 31min ago
       Docs: man:cron(8)
   Main PID: 649 (cron)
      Tasks: 4 (limit: 4575)
     Memory: 1.9M
        CPU: 87ms
     CGroup: /system.slice/cron.service
             ├─ 649 /usr/sbin/cron -f -P
             ├─1425 /usr/sbin/CRON -f -P
             ├─1428 /bin/sh -c ". \$HOME/source/crontabconf/gitnodejs.sh t bot4voc >> /var/log/bot4voc/crontabgitnodejs.log 2>&1"
             └─1430 systemctl status cron

Warning: some journal files were not opened due to insufficient permissions.
id
uid=1001(bot4voc) gid=1001(bot4voc) groups=1001(bot4voc),27(sudo)
export
export HOME='/home/bot4voc'
export LANG='en_US.UTF-8'
export LOGNAME='bot4voc'
export NVM_DIR='/home/bot4voc/.nvm'
export PATH='/usr/local/sbin:/usr/local/bin:/usr/sbin:/usr/bin:/sbin:/bin:/usr/games:/usr/local/games:/snap/bin'
export PWD='/home/bot4voc'
export SHELL='/bin/sh'
killall node
node: no process found
Name not provided
____file not found 
  
  
---------------------------------------------------------------------------------------------------------
[16-11-2022 12:55:01]
/var/log//crontabgitnodejs.log
systemctl status cron
● cron.service - Regular background program processing daemon
     Loaded: loaded (/lib/systemd/system/cron.service; enabled; vendor preset: enabled)
     Active: active (running) since Wed 2022-11-16 12:18:44 UTC; 36min ago
       Docs: man:cron(8)
   Main PID: 649 (cron)
      Tasks: 4 (limit: 4575)
     Memory: 2.9M
        CPU: 106ms
     CGroup: /system.slice/cron.service
             ├─ 649 /usr/sbin/cron -f -P
             ├─1434 /usr/sbin/CRON -f -P
             ├─1436 /bin/sh -c ". \$HOME/source/crontabconf/gitnodejs.sh t bot4voc >> /var/log/bot4voc/crontabgitnodejs.log 2>&1"
             └─1438 systemctl status cron

Warning: some journal files were not opened due to insufficient permissions.
id
uid=1001(bot4voc) gid=1001(bot4voc) groups=1001(bot4voc),27(sudo)
export
export HOME='/home/bot4voc'
export LANG='en_US.UTF-8'
export LOGNAME='bot4voc'
export NVM_DIR='/home/bot4voc/.nvm'
export PATH='/usr/local/sbin:/usr/local/bin:/usr/sbin:/usr/bin:/sbin:/bin:/usr/games:/usr/local/games:/snap/bin'
export PWD='/home/bot4voc'
export SHELL='/bin/sh'
killall node
node: no process found
Name not provided
____file not found 
  
  
---------------------------------------------------------------------------------------------------------
[16-11-2022 13:00:01]
/var/log//crontabgitnodejs.log
systemctl status cron
● cron.service - Regular background program processing daemon
     Loaded: loaded (/lib/systemd/system/cron.service; enabled; vendor preset: enabled)
     Active: active (running) since Wed 2022-11-16 12:18:44 UTC; 41min ago
       Docs: man:cron(8)
   Main PID: 649 (cron)
      Tasks: 4 (limit: 4575)
     Memory: 2.9M
        CPU: 133ms
     CGroup: /system.slice/cron.service
             ├─ 649 /usr/sbin/cron -f -P
             ├─1445 /usr/sbin/CRON -f -P
             ├─1447 /bin/sh -c ". \$HOME/source/crontabconf/gitnodejs.sh t bot4voc >> /var/log/bot4voc/crontabgitnodejs.log 2>&1"
             └─1451 systemctl status cron

Warning: some journal files were not opened due to insufficient permissions.
id
uid=1001(bot4voc) gid=1001(bot4voc) groups=1001(bot4voc),27(sudo)
export
export HOME='/home/bot4voc'
export LANG='en_US.UTF-8'
export LOGNAME='bot4voc'
export NVM_DIR='/home/bot4voc/.nvm'
export PATH='/usr/local/sbin:/usr/local/bin:/usr/sbin:/usr/bin:/sbin:/bin:/usr/games:/usr/local/games:/snap/bin'
export PWD='/home/bot4voc'
export SHELL='/bin/sh'
killall node
node: no process found
Name not provided
____file not found 
  
  
---------------------------------------------------------------------------------------------------------
[16-11-2022 13:05:01]
/var/log//crontabgitnodejs.log
systemctl status cron
● cron.service - Regular background program processing daemon
     Loaded: loaded (/lib/systemd/system/cron.service; enabled; vendor preset: enabled)
     Active: active (running) since Wed 2022-11-16 12:18:44 UTC; 46min ago
       Docs: man:cron(8)
   Main PID: 649 (cron)
      Tasks: 4 (limit: 4575)
     Memory: 2.9M
        CPU: 152ms
     CGroup: /system.slice/cron.service
             ├─ 649 /usr/sbin/cron -f -P
             ├─1455 /usr/sbin/CRON -f -P
             ├─1457 /bin/sh -c ". \$HOME/source/crontabconf/gitnodejs.sh t bot4voc >> /var/log/bot4voc/crontabgitnodejs.log 2>&1"
             └─1459 systemctl status cron

Warning: some journal files were not opened due to insufficient permissions.
id
uid=1001(bot4voc) gid=1001(bot4voc) groups=1001(bot4voc),27(sudo)
export
export HOME='/home/bot4voc'
export LANG='en_US.UTF-8'
export LOGNAME='bot4voc'
export NVM_DIR='/home/bot4voc/.nvm'
export PATH='/usr/local/sbin:/usr/local/bin:/usr/sbin:/usr/bin:/sbin:/bin:/usr/games:/usr/local/games:/snap/bin'
export PWD='/home/bot4voc'
export SHELL='/bin/sh'
killall node
node: no process found
Name not provided
____file not found 
  
  
---------------------------------------------------------------------------------------------------------
[16-11-2022 13:10:01]
/var/log//crontabgitnodejs.log
systemctl status cron
● cron.service - Regular background program processing daemon
     Loaded: loaded (/lib/systemd/system/cron.service; enabled; vendor preset: enabled)
     Active: active (running) since Wed 2022-11-16 12:18:44 UTC; 51min ago
       Docs: man:cron(8)
   Main PID: 649 (cron)
      Tasks: 4 (limit: 4575)
     Memory: 2.9M
        CPU: 171ms
     CGroup: /system.slice/cron.service
             ├─ 649 /usr/sbin/cron -f -P
             ├─1464 /usr/sbin/CRON -f -P
             ├─1466 /bin/sh -c ". \$HOME/source/crontabconf/gitnodejs.sh t bot4voc >> /var/log/bot4voc/crontabgitnodejs.log 2>&1"
             └─1468 systemctl status cron

Warning: some journal files were not opened due to insufficient permissions.
id
uid=1001(bot4voc) gid=1001(bot4voc) groups=1001(bot4voc),27(sudo)
export
export HOME='/home/bot4voc'
export LANG='en_US.UTF-8'
export LOGNAME='bot4voc'
export NVM_DIR='/home/bot4voc/.nvm'
export PATH='/usr/local/sbin:/usr/local/bin:/usr/sbin:/usr/bin:/sbin:/bin:/usr/games:/usr/local/games:/snap/bin'
export PWD='/home/bot4voc'
export SHELL='/bin/sh'
killall node
node: no process found
Name not provided
____file not found 
  
  
---------------------------------------------------------------------------------------------------------
[16-11-2022 13:15:01]
/var/log//crontabgitnodejs.log
systemctl status cron
● cron.service - Regular background program processing daemon
     Loaded: loaded (/lib/systemd/system/cron.service; enabled; vendor preset: enabled)
     Active: active (running) since Wed 2022-11-16 12:18:44 UTC; 56min ago
       Docs: man:cron(8)
   Main PID: 649 (cron)
      Tasks: 4 (limit: 4575)
     Memory: 3.1M
        CPU: 200ms
     CGroup: /system.slice/cron.service
             ├─ 649 /usr/sbin/cron -f -P
             ├─1475 /usr/sbin/CRON -f -P
             ├─1477 /bin/sh -c ". \$HOME/source/crontabconf/gitnodejs.sh t bot4voc >> /var/log/bot4voc/crontabgitnodejs.log 2>&1"
             └─1480 systemctl status cron

Warning: some journal files were not opened due to insufficient permissions.
id
uid=1001(bot4voc) gid=1001(bot4voc) groups=1001(bot4voc),27(sudo)
export
export HOME='/home/bot4voc'
export LANG='en_US.UTF-8'
export LOGNAME='bot4voc'
export NVM_DIR='/home/bot4voc/.nvm'
export PATH='/usr/local/sbin:/usr/local/bin:/usr/sbin:/usr/bin:/sbin:/bin:/usr/games:/usr/local/games:/snap/bin'
export PWD='/home/bot4voc'
export SHELL='/bin/sh'
killall node
node: no process found
Name not provided
____file not found 
  
  
---------------------------------------------------------------------------------------------------------
[16-11-2022 13:20:01]
/var/log//crontabgitnodejs.log
systemctl status cron
● cron.service - Regular background program processing daemon
     Loaded: loaded (/lib/systemd/system/cron.service; enabled; vendor preset: enabled)
     Active: active (running) since Wed 2022-11-16 12:18:44 UTC; 1h 1min ago
       Docs: man:cron(8)
   Main PID: 649 (cron)
      Tasks: 4 (limit: 4575)
     Memory: 3.0M
        CPU: 224ms
     CGroup: /system.slice/cron.service
             ├─ 649 /usr/sbin/cron -f -P
             ├─1488 /usr/sbin/CRON -f -P
             ├─1490 /bin/sh -c ". \$HOME/source/crontabconf/gitnodejs.sh t bot4voc >> /var/log/bot4voc/crontabgitnodejs.log 2>&1"
             └─1492 systemctl status cron

Warning: some journal files were not opened due to insufficient permissions.
id
uid=1001(bot4voc) gid=1001(bot4voc) groups=1001(bot4voc),27(sudo)
export
export HOME='/home/bot4voc'
export LANG='en_US.UTF-8'
export LOGNAME='bot4voc'
export NVM_DIR='/home/bot4voc/.nvm'
export PATH='/usr/local/sbin:/usr/local/bin:/usr/sbin:/usr/bin:/sbin:/bin:/usr/games:/usr/local/games:/snap/bin'
export PWD='/home/bot4voc'
export SHELL='/bin/sh'
killall node
node: no process found
Name not provided
____file not found 
  
  
---------------------------------------------------------------------------------------------------------
[16-11-2022 13:25:01]
/var/log//crontabgitnodejs.log
systemctl status cron
● cron.service - Regular background program processing daemon
     Loaded: loaded (/lib/systemd/system/cron.service; enabled; vendor preset: enabled)
     Active: active (running) since Wed 2022-11-16 12:18:44 UTC; 1h 6min ago
       Docs: man:cron(8)
   Main PID: 649 (cron)
      Tasks: 4 (limit: 4575)
     Memory: 3.0M
        CPU: 240ms
     CGroup: /system.slice/cron.service
             ├─ 649 /usr/sbin/cron -f -P
             ├─1497 /usr/sbin/CRON -f -P
             ├─1499 /bin/sh -c ". \$HOME/source/crontabconf/gitnodejs.sh t bot4voc >> /var/log/bot4voc/crontabgitnodejs.log 2>&1"
             └─1501 systemctl status cron

Warning: some journal files were not opened due to insufficient permissions.
id
uid=1001(bot4voc) gid=1001(bot4voc) groups=1001(bot4voc),27(sudo)
export
export HOME='/home/bot4voc'
export LANG='en_US.UTF-8'
export LOGNAME='bot4voc'
export NVM_DIR='/home/bot4voc/.nvm'
export PATH='/usr/local/sbin:/usr/local/bin:/usr/sbin:/usr/bin:/sbin:/bin:/usr/games:/usr/local/games:/snap/bin'
export PWD='/home/bot4voc'
export SHELL='/bin/sh'
killall node
node: no process found
Name not provided
____file not found 
  
  
---------------------------------------------------------------------------------------------------------
[16-11-2022 13:30:01]
/var/log//crontabgitnodejs.log
systemctl status cron
● cron.service - Regular background program processing daemon
     Loaded: loaded (/lib/systemd/system/cron.service; enabled; vendor preset: enabled)
     Active: active (running) since Wed 2022-11-16 12:18:44 UTC; 1h 11min ago
       Docs: man:cron(8)
   Main PID: 649 (cron)
      Tasks: 4 (limit: 4575)
     Memory: 3.1M
        CPU: 268ms
     CGroup: /system.slice/cron.service
             ├─ 649 /usr/sbin/cron -f -P
             ├─1508 /usr/sbin/CRON -f -P
             ├─1511 /bin/sh -c ". \$HOME/source/crontabconf/gitnodejs.sh t bot4voc >> /var/log/bot4voc/crontabgitnodejs.log 2>&1"
             └─1514 systemctl status cron

Warning: some journal files were not opened due to insufficient permissions.
id
uid=1001(bot4voc) gid=1001(bot4voc) groups=1001(bot4voc),27(sudo)
export
export HOME='/home/bot4voc'
export LANG='en_US.UTF-8'
export LOGNAME='bot4voc'
export NVM_DIR='/home/bot4voc/.nvm'
export PATH='/usr/local/sbin:/usr/local/bin:/usr/sbin:/usr/bin:/sbin:/bin:/usr/games:/usr/local/games:/snap/bin'
export PWD='/home/bot4voc'
export SHELL='/bin/sh'
killall node
node: no process found
Name not provided
____file not found 
  
  
---------------------------------------------------------------------------------------------------------
[16-11-2022 13:35:01]
/var/log//crontabgitnodejs.log
systemctl status cron
● cron.service - Regular background program processing daemon
     Loaded: loaded (/lib/systemd/system/cron.service; enabled; vendor preset: enabled)
     Active: active (running) since Wed 2022-11-16 12:18:44 UTC; 1h 16min ago
       Docs: man:cron(8)
   Main PID: 649 (cron)
      Tasks: 4 (limit: 4575)
     Memory: 3.0M
        CPU: 285ms
     CGroup: /system.slice/cron.service
             ├─ 649 /usr/sbin/cron -f -P
             ├─1554 /usr/sbin/CRON -f -P
             ├─1556 /bin/sh -c ". \$HOME/source/crontabconf/gitnodejs.sh t bot4voc >> /var/log/bot4voc/crontabgitnodejs.log 2>&1"
             └─1558 systemctl status cron

Warning: some journal files were not opened due to insufficient permissions.
id
uid=1001(bot4voc) gid=1001(bot4voc) groups=1001(bot4voc),27(sudo)
export
export HOME='/home/bot4voc'
export LANG='en_US.UTF-8'
export LOGNAME='bot4voc'
export NVM_DIR='/home/bot4voc/.nvm'
export PATH='/usr/local/sbin:/usr/local/bin:/usr/sbin:/usr/bin:/sbin:/bin:/usr/games:/usr/local/games:/snap/bin'
export PWD='/home/bot4voc'
export SHELL='/bin/sh'
killall node
node: no process found
Name not provided
____file not found 
  
  
---------------------------------------------------------------------------------------------------------
[17-11-2022 06:20:01]
/var/log//crontabgitnodejs.log
systemctl status cron
● cron.service - Regular background program processing daemon
     Loaded: loaded (/lib/systemd/system/cron.service; enabled; vendor preset: enabled)
     Active: active (running) since Thu 2022-11-17 06:19:38 UTC; 23s ago
       Docs: man:cron(8)
   Main PID: 648 (cron)
      Tasks: 4 (limit: 4575)
     Memory: 1.9M
        CPU: 21ms
     CGroup: /system.slice/cron.service
             ├─ 648 /usr/sbin/cron -f -P
             ├─1081 /usr/sbin/CRON -f -P
             ├─1082 /bin/sh -c ". \$HOME/source/crontabconf/gitnodejs.sh t bot4voc >> /var/log/bot4voc/crontabgitnodejs.log 2>&1"
             └─1084 systemctl status cron

Warning: some journal files were not opened due to insufficient permissions.
id
uid=1001(bot4voc) gid=1001(bot4voc) groups=1001(bot4voc),27(sudo)
export
export HOME='/home/bot4voc'
export LANG='en_US.UTF-8'
export LOGNAME='bot4voc'
export NVM_DIR='/home/bot4voc/.nvm'
export PATH='/usr/local/sbin:/usr/local/bin:/usr/sbin:/usr/bin:/sbin:/bin:/usr/games:/usr/local/games:/snap/bin'
export PWD='/home/bot4voc'
export SHELL='/bin/sh'
killall node
node: no process found
Name not provided
____file not found 
  
  
---------------------------------------------------------------------------------------------------------
[17-11-2022 06:25:01]
/var/log//crontabgitnodejs.log
systemctl status cron
● cron.service - Regular background program processing daemon
     Loaded: loaded (/lib/systemd/system/cron.service; enabled; vendor preset: enabled)
     Active: active (running) since Thu 2022-11-17 06:19:38 UTC; 5min ago
       Docs: man:cron(8)
   Main PID: 648 (cron)
      Tasks: 7 (limit: 4575)
     Memory: 4.3M
        CPU: 57ms
     CGroup: /system.slice/cron.service
             ├─ 648 /usr/sbin/cron -f -P
             ├─1305 /usr/sbin/CRON -f -P
             ├─1306 /usr/sbin/CRON -f -P
             ├─1307 /bin/sh -c ". \$HOME/source/crontabconf/gitnodejs.sh t bot4voc >> /var/log/bot4voc/crontabgitnodejs.log 2>&1"
             ├─1308 /bin/sh -c "test -x /usr/sbin/anacron || ( cd / && run-parts --report /etc/cron.daily )"
             ├─1309 run-parts --report /etc/cron.daily
             ├─1311 systemctl status cron
             └─1312 run-parts --report /etc/cron.daily

Warning: some journal files were not opened due to insufficient permissions.
id
uid=1001(bot4voc) gid=1001(bot4voc) groups=1001(bot4voc),27(sudo)
export
export HOME='/home/bot4voc'
export LANG='en_US.UTF-8'
export LOGNAME='bot4voc'
export NVM_DIR='/home/bot4voc/.nvm'
export PATH='/usr/local/sbin:/usr/local/bin:/usr/sbin:/usr/bin:/sbin:/bin:/usr/games:/usr/local/games:/snap/bin'
export PWD='/home/bot4voc'
export SHELL='/bin/sh'
killall node
node: no process found
Name not provided
____file not found 
  
  
---------------------------------------------------------------------------------------------------------
[17-11-2022 06:30:01]
/var/log//crontabgitnodejs.log
systemctl status cron
● cron.service - Regular background program processing daemon
     Loaded: loaded (/lib/systemd/system/cron.service; enabled; vendor preset: enabled)
     Active: active (running) since Thu 2022-11-17 06:19:38 UTC; 10min ago
       Docs: man:cron(8)
   Main PID: 648 (cron)
      Tasks: 4 (limit: 4575)
     Memory: 3.1M
        CPU: 107ms
     CGroup: /system.slice/cron.service
             ├─ 648 /usr/sbin/cron -f -P
             ├─1327 /usr/sbin/CRON -f -P
             ├─1329 /bin/sh -c ". \$HOME/source/crontabconf/gitnodejs.sh t bot4voc >> /var/log/bot4voc/crontabgitnodejs.log 2>&1"
             └─1332 systemctl status cron

Warning: some journal files were not opened due to insufficient permissions.
id
uid=1001(bot4voc) gid=1001(bot4voc) groups=1001(bot4voc),27(sudo)
export
export HOME='/home/bot4voc'
export LANG='en_US.UTF-8'
export LOGNAME='bot4voc'
export NVM_DIR='/home/bot4voc/.nvm'
export PATH='/usr/local/sbin:/usr/local/bin:/usr/sbin:/usr/bin:/sbin:/bin:/usr/games:/usr/local/games:/snap/bin'
export PWD='/home/bot4voc'
export SHELL='/bin/sh'
killall node
node: no process found
Name not provided
____file not found 
  
  
---------------------------------------------------------------------------------------------------------
[17-11-2022 06:35:01]
/var/log//crontabgitnodejs.log
systemctl status cron
● cron.service - Regular background program processing daemon
     Loaded: loaded (/lib/systemd/system/cron.service; enabled; vendor preset: enabled)
     Active: active (running) since Thu 2022-11-17 06:19:38 UTC; 15min ago
       Docs: man:cron(8)
   Main PID: 648 (cron)
      Tasks: 4 (limit: 4575)
     Memory: 3.0M
        CPU: 130ms
     CGroup: /system.slice/cron.service
             ├─ 648 /usr/sbin/cron -f -P
             ├─1339 /usr/sbin/CRON -f -P
             ├─1341 /bin/sh -c ". \$HOME/source/crontabconf/gitnodejs.sh t bot4voc >> /var/log/bot4voc/crontabgitnodejs.log 2>&1"
             └─1343 systemctl status cron

Warning: some journal files were not opened due to insufficient permissions.
id
uid=1001(bot4voc) gid=1001(bot4voc) groups=1001(bot4voc),27(sudo)
export
export HOME='/home/bot4voc'
export LANG='en_US.UTF-8'
export LOGNAME='bot4voc'
export NVM_DIR='/home/bot4voc/.nvm'
export PATH='/usr/local/sbin:/usr/local/bin:/usr/sbin:/usr/bin:/sbin:/bin:/usr/games:/usr/local/games:/snap/bin'
export PWD='/home/bot4voc'
export SHELL='/bin/sh'
killall node
node: no process found
Name not provided
____file not found 
  
  
---------------------------------------------------------------------------------------------------------
[17-11-2022 06:40:01]
/var/log//crontabgitnodejs.log
systemctl status cron
● cron.service - Regular background program processing daemon
     Loaded: loaded (/lib/systemd/system/cron.service; enabled; vendor preset: enabled)
     Active: active (running) since Thu 2022-11-17 06:19:38 UTC; 20min ago
       Docs: man:cron(8)
   Main PID: 648 (cron)
      Tasks: 4 (limit: 4575)
     Memory: 3.0M
        CPU: 157ms
     CGroup: /system.slice/cron.service
             ├─ 648 /usr/sbin/cron -f -P
             ├─1348 /usr/sbin/CRON -f -P
             ├─1350 /bin/sh -c ". \$HOME/source/crontabconf/gitnodejs.sh t bot4voc >> /var/log/bot4voc/crontabgitnodejs.log 2>&1"
             └─1352 systemctl status cron

Warning: some journal files were not opened due to insufficient permissions.
id
uid=1001(bot4voc) gid=1001(bot4voc) groups=1001(bot4voc),27(sudo)
export
export HOME='/home/bot4voc'
export LANG='en_US.UTF-8'
export LOGNAME='bot4voc'
export NVM_DIR='/home/bot4voc/.nvm'
export PATH='/usr/local/sbin:/usr/local/bin:/usr/sbin:/usr/bin:/sbin:/bin:/usr/games:/usr/local/games:/snap/bin'
export PWD='/home/bot4voc'
export SHELL='/bin/sh'
killall node
node: no process found
Name not provided
____file not found 
  
  
---------------------------------------------------------------------------------------------------------
[17-11-2022 06:45:01]
/var/log//crontabgitnodejs.log
systemctl status cron
● cron.service - Regular background program processing daemon
     Loaded: loaded (/lib/systemd/system/cron.service; enabled; vendor preset: enabled)
     Active: active (running) since Thu 2022-11-17 06:19:38 UTC; 25min ago
       Docs: man:cron(8)
   Main PID: 648 (cron)
      Tasks: 4 (limit: 4575)
     Memory: 3.1M
        CPU: 200ms
     CGroup: /system.slice/cron.service
             ├─ 648 /usr/sbin/cron -f -P
             ├─1373 /usr/sbin/CRON -f -P
             ├─1375 /bin/sh -c ". \$HOME/source/crontabconf/gitnodejs.sh t bot4voc >> /var/log/bot4voc/crontabgitnodejs.log 2>&1"
             └─1379 systemctl status cron

Warning: some journal files were not opened due to insufficient permissions.
id
uid=1001(bot4voc) gid=1001(bot4voc) groups=1001(bot4voc),27(sudo)
export
export HOME='/home/bot4voc'
export LANG='en_US.UTF-8'
export LOGNAME='bot4voc'
export NVM_DIR='/home/bot4voc/.nvm'
export PATH='/usr/local/sbin:/usr/local/bin:/usr/sbin:/usr/bin:/sbin:/bin:/usr/games:/usr/local/games:/snap/bin'
export PWD='/home/bot4voc'
export SHELL='/bin/sh'
killall node
node: no process found
Name not provided
____file not found 
  
  
---------------------------------------------------------------------------------------------------------
[17-11-2022 06:50:01]
/var/log//crontabgitnodejs.log
systemctl status cron
● cron.service - Regular background program processing daemon
     Loaded: loaded (/lib/systemd/system/cron.service; enabled; vendor preset: enabled)
     Active: active (running) since Thu 2022-11-17 06:19:38 UTC; 30min ago
       Docs: man:cron(8)
   Main PID: 648 (cron)
      Tasks: 4 (limit: 4575)
     Memory: 3.0M
        CPU: 225ms
     CGroup: /system.slice/cron.service
             ├─ 648 /usr/sbin/cron -f -P
             ├─1385 /usr/sbin/CRON -f -P
             ├─1386 /bin/sh -c ". \$HOME/source/crontabconf/gitnodejs.sh t bot4voc >> /var/log/bot4voc/crontabgitnodejs.log 2>&1"
             └─1388 systemctl status cron

Warning: some journal files were not opened due to insufficient permissions.
id
uid=1001(bot4voc) gid=1001(bot4voc) groups=1001(bot4voc),27(sudo)
export
export HOME='/home/bot4voc'
export LANG='en_US.UTF-8'
export LOGNAME='bot4voc'
export NVM_DIR='/home/bot4voc/.nvm'
export PATH='/usr/local/sbin:/usr/local/bin:/usr/sbin:/usr/bin:/sbin:/bin:/usr/games:/usr/local/games:/snap/bin'
export PWD='/home/bot4voc'
export SHELL='/bin/sh'
killall node
node: no process found
Name not provided
____file not found 
  
  
---------------------------------------------------------------------------------------------------------
[17-11-2022 06:55:01]
/var/log//crontabgitnodejs.log
systemctl status cron
● cron.service - Regular background program processing daemon
     Loaded: loaded (/lib/systemd/system/cron.service; enabled; vendor preset: enabled)
     Active: active (running) since Thu 2022-11-17 06:19:38 UTC; 35min ago
       Docs: man:cron(8)
   Main PID: 648 (cron)
      Tasks: 4 (limit: 4575)
     Memory: 3.0M
        CPU: 255ms
     CGroup: /system.slice/cron.service
             ├─ 648 /usr/sbin/cron -f -P
             ├─1406 /usr/sbin/CRON -f -P
             ├─1409 /bin/sh -c ". \$HOME/source/crontabconf/gitnodejs.sh t bot4voc >> /var/log/bot4voc/crontabgitnodejs.log 2>&1"
             └─1411 systemctl status cron

Warning: some journal files were not opened due to insufficient permissions.
id
uid=1001(bot4voc) gid=1001(bot4voc) groups=1001(bot4voc),27(sudo)
export
export HOME='/home/bot4voc'
export LANG='en_US.UTF-8'
export LOGNAME='bot4voc'
export NVM_DIR='/home/bot4voc/.nvm'
export PATH='/usr/local/sbin:/usr/local/bin:/usr/sbin:/usr/bin:/sbin:/bin:/usr/games:/usr/local/games:/snap/bin'
export PWD='/home/bot4voc'
export SHELL='/bin/sh'
killall node
node: no process found
Name not provided
____file not found 
  
  
---------------------------------------------------------------------------------------------------------
[17-11-2022 07:00:01]
/var/log//crontabgitnodejs.log
systemctl status cron
● cron.service - Regular background program processing daemon
     Loaded: loaded (/lib/systemd/system/cron.service; enabled; vendor preset: enabled)
     Active: active (running) since Thu 2022-11-17 06:19:38 UTC; 40min ago
       Docs: man:cron(8)
   Main PID: 648 (cron)
      Tasks: 4 (limit: 4575)
     Memory: 3.2M
        CPU: 289ms
     CGroup: /system.slice/cron.service
             ├─ 648 /usr/sbin/cron -f -P
             ├─1425 /usr/sbin/CRON -f -P
             ├─1427 /bin/sh -c ". \$HOME/source/crontabconf/gitnodejs.sh t bot4voc >> /var/log/bot4voc/crontabgitnodejs.log 2>&1"
             └─1431 systemctl status cron

Warning: some journal files were not opened due to insufficient permissions.
id
uid=1001(bot4voc) gid=1001(bot4voc) groups=1001(bot4voc),27(sudo)
export
export HOME='/home/bot4voc'
export LANG='en_US.UTF-8'
export LOGNAME='bot4voc'
export NVM_DIR='/home/bot4voc/.nvm'
export PATH='/usr/local/sbin:/usr/local/bin:/usr/sbin:/usr/bin:/sbin:/bin:/usr/games:/usr/local/games:/snap/bin'
export PWD='/home/bot4voc'
export SHELL='/bin/sh'
killall node
node: no process found
Name not provided
____file not found 
  
  
---------------------------------------------------------------------------------------------------------
[17-11-2022 07:05:01]
/var/log//crontabgitnodejs.log
systemctl status cron
● cron.service - Regular background program processing daemon
     Loaded: loaded (/lib/systemd/system/cron.service; enabled; vendor preset: enabled)
     Active: active (running) since Thu 2022-11-17 06:19:38 UTC; 45min ago
       Docs: man:cron(8)
   Main PID: 648 (cron)
      Tasks: 4 (limit: 4575)
     Memory: 3.0M
        CPU: 318ms
     CGroup: /system.slice/cron.service
             ├─  648 /usr/sbin/cron -f -P
             ├─13125 /usr/sbin/CRON -f -P
             ├─13127 /bin/sh -c ". \$HOME/source/crontabconf/gitnodejs.sh t bot4voc >> /var/log/bot4voc/crontabgitnodejs.log 2>&1"
             └─13129 systemctl status cron

Warning: some journal files were not opened due to insufficient permissions.
id
uid=1001(bot4voc) gid=1001(bot4voc) groups=1001(bot4voc),27(sudo)
export
export HOME='/home/bot4voc'
export LANG='en_US.UTF-8'
export LOGNAME='bot4voc'
export NVM_DIR='/home/bot4voc/.nvm'
export PATH='/usr/local/sbin:/usr/local/bin:/usr/sbin:/usr/bin:/sbin:/bin:/usr/games:/usr/local/games:/snap/bin'
export PWD='/home/bot4voc'
export SHELL='/bin/sh'
killall node
node: no process found
Name not provided
____file not found 
  
  
---------------------------------------------------------------------------------------------------------
[17-11-2022 07:10:01]
/var/log//crontabgitnodejs.log
systemctl status cron
● cron.service - Regular background program processing daemon
     Loaded: loaded (/lib/systemd/system/cron.service; enabled; vendor preset: enabled)
     Active: active (running) since Thu 2022-11-17 06:19:38 UTC; 50min ago
       Docs: man:cron(8)
   Main PID: 648 (cron)
      Tasks: 4 (limit: 4575)
     Memory: 3.0M
        CPU: 347ms
     CGroup: /system.slice/cron.service
             ├─  648 /usr/sbin/cron -f -P
             ├─13135 /usr/sbin/CRON -f -P
             ├─13137 /bin/sh -c ". \$HOME/source/crontabconf/gitnodejs.sh t bot4voc >> /var/log/bot4voc/crontabgitnodejs.log 2>&1"
             └─13139 systemctl status cron

Warning: some journal files were not opened due to insufficient permissions.
id
uid=1001(bot4voc) gid=1001(bot4voc) groups=1001(bot4voc),27(sudo)
export
export HOME='/home/bot4voc'
export LANG='en_US.UTF-8'
export LOGNAME='bot4voc'
export NVM_DIR='/home/bot4voc/.nvm'
export PATH='/usr/local/sbin:/usr/local/bin:/usr/sbin:/usr/bin:/sbin:/bin:/usr/games:/usr/local/games:/snap/bin'
export PWD='/home/bot4voc'
export SHELL='/bin/sh'
killall node
node: no process found
Name not provided
____file not found 
  
  
---------------------------------------------------------------------------------------------------------
[17-11-2022 07:30:01]
/var/log//crontabgitnodejs.log
systemctl status cron
● cron.service - Regular background program processing daemon
     Loaded: loaded (/lib/systemd/system/cron.service; enabled; vendor preset: enabled)
     Active: active (running) since Thu 2022-11-17 06:19:38 UTC; 1h 10min ago
       Docs: man:cron(8)
   Main PID: 648 (cron)
      Tasks: 4 (limit: 4575)
     Memory: 3.2M
        CPU: 390ms
     CGroup: /system.slice/cron.service
             ├─  648 /usr/sbin/cron -f -P
             ├─13277 /usr/sbin/CRON -f -P
             ├─13278 /bin/sh -c ". \$HOME/source/crontabconf/gitnodejs.sh t bot4voc >> /var/log/bot4voc/crontabgitnodejs.log 2>&1"
             └─13282 systemctl status cron

Warning: some journal files were not opened due to insufficient permissions.
id
uid=1001(bot4voc) gid=1001(bot4voc) groups=1001(bot4voc),27(sudo)
export
export HOME='/home/bot4voc'
export LANG='en_US.UTF-8'
export LOGNAME='bot4voc'
export NVM_DIR='/home/bot4voc/.nvm'
export PATH='/usr/local/sbin:/usr/local/bin:/usr/sbin:/usr/bin:/sbin:/bin:/usr/games:/usr/local/games:/snap/bin'
export PWD='/home/bot4voc'
export SHELL='/bin/sh'
killall node
node: no process found
Name not provided
____file not found 
  
  
---------------------------------------------------------------------------------------------------------
[17-11-2022 07:35:01]
/var/log//crontabgitnodejs.log
systemctl status cron
● cron.service - Regular background program processing daemon
     Loaded: loaded (/lib/systemd/system/cron.service; enabled; vendor preset: enabled)
     Active: active (running) since Thu 2022-11-17 06:19:38 UTC; 1h 15min ago
       Docs: man:cron(8)
   Main PID: 648 (cron)
      Tasks: 4 (limit: 4575)
     Memory: 3.0M
        CPU: 415ms
     CGroup: /system.slice/cron.service
             ├─  648 /usr/sbin/cron -f -P
             ├─13288 /usr/sbin/CRON -f -P
             ├─13289 /bin/sh -c ". \$HOME/source/crontabconf/gitnodejs.sh t bot4voc >> /var/log/bot4voc/crontabgitnodejs.log 2>&1"
             └─13291 systemctl status cron

Warning: some journal files were not opened due to insufficient permissions.
id
uid=1001(bot4voc) gid=1001(bot4voc) groups=1001(bot4voc),27(sudo)
export
export HOME='/home/bot4voc'
export LANG='en_US.UTF-8'
export LOGNAME='bot4voc'
export NVM_DIR='/home/bot4voc/.nvm'
export PATH='/usr/local/sbin:/usr/local/bin:/usr/sbin:/usr/bin:/sbin:/bin:/usr/games:/usr/local/games:/snap/bin'
export PWD='/home/bot4voc'
export SHELL='/bin/sh'
killall node
node: no process found
Name not provided
____file not found 
  
  
---------------------------------------------------------------------------------------------------------
[17-11-2022 07:40:01]
/var/log//crontabgitnodejs.log
systemctl status cron
● cron.service - Regular background program processing daemon
     Loaded: loaded (/lib/systemd/system/cron.service; enabled; vendor preset: enabled)
     Active: active (running) since Thu 2022-11-17 06:19:38 UTC; 1h 20min ago
       Docs: man:cron(8)
   Main PID: 648 (cron)
      Tasks: 4 (limit: 4575)
     Memory: 3.0M
        CPU: 435ms
     CGroup: /system.slice/cron.service
             ├─  648 /usr/sbin/cron -f -P
             ├─13297 /usr/sbin/CRON -f -P
             ├─13299 /bin/sh -c ". \$HOME/source/crontabconf/gitnodejs.sh t bot4voc >> /var/log/bot4voc/crontabgitnodejs.log 2>&1"
             └─13301 systemctl status cron

Warning: some journal files were not opened due to insufficient permissions.
id
uid=1001(bot4voc) gid=1001(bot4voc) groups=1001(bot4voc),27(sudo)
export
export HOME='/home/bot4voc'
export LANG='en_US.UTF-8'
export LOGNAME='bot4voc'
export NVM_DIR='/home/bot4voc/.nvm'
export PATH='/usr/local/sbin:/usr/local/bin:/usr/sbin:/usr/bin:/sbin:/bin:/usr/games:/usr/local/games:/snap/bin'
export PWD='/home/bot4voc'
export SHELL='/bin/sh'
killall node
node: no process found
Name not provided
____file not found 
  
  
---------------------------------------------------------------------------------------------------------
[17-11-2022 07:45:01]
/var/log//crontabgitnodejs.log
systemctl status cron
● cron.service - Regular background program processing daemon
     Loaded: loaded (/lib/systemd/system/cron.service; enabled; vendor preset: enabled)
     Active: active (running) since Thu 2022-11-17 06:19:38 UTC; 1h 25min ago
       Docs: man:cron(8)
   Main PID: 648 (cron)
      Tasks: 4 (limit: 4575)
     Memory: 3.1M
        CPU: 456ms
     CGroup: /system.slice/cron.service
             ├─  648 /usr/sbin/cron -f -P
             ├─13309 /usr/sbin/CRON -f -P
             ├─13311 /bin/sh -c ". \$HOME/source/crontabconf/gitnodejs.sh t bot4voc >> /var/log/bot4voc/crontabgitnodejs.log 2>&1"
             └─13315 systemctl status cron

Warning: some journal files were not opened due to insufficient permissions.
id
uid=1001(bot4voc) gid=1001(bot4voc) groups=1001(bot4voc),27(sudo)
export
export HOME='/home/bot4voc'
export LANG='en_US.UTF-8'
export LOGNAME='bot4voc'
export NVM_DIR='/home/bot4voc/.nvm'
export PATH='/usr/local/sbin:/usr/local/bin:/usr/sbin:/usr/bin:/sbin:/bin:/usr/games:/usr/local/games:/snap/bin'
export PWD='/home/bot4voc'
export SHELL='/bin/sh'
killall node
node: no process found
Name not provided
____file not found 
  
  
---------------------------------------------------------------------------------------------------------
[17-11-2022 07:50:01]
/var/log//crontabgitnodejs.log
systemctl status cron
● cron.service - Regular background program processing daemon
     Loaded: loaded (/lib/systemd/system/cron.service; enabled; vendor preset: enabled)
     Active: active (running) since Thu 2022-11-17 06:19:38 UTC; 1h 30min ago
       Docs: man:cron(8)
   Main PID: 648 (cron)
      Tasks: 4 (limit: 4575)
     Memory: 3.1M
        CPU: 476ms
     CGroup: /system.slice/cron.service
             ├─  648 /usr/sbin/cron -f -P
             ├─13322 /usr/sbin/CRON -f -P
             ├─13324 /bin/sh -c ". \$HOME/source/crontabconf/gitnodejs.sh t bot4voc >> /var/log/bot4voc/crontabgitnodejs.log 2>&1"
             └─13326 systemctl status cron

Warning: some journal files were not opened due to insufficient permissions.
id
uid=1001(bot4voc) gid=1001(bot4voc) groups=1001(bot4voc),27(sudo)
export
export HOME='/home/bot4voc'
export LANG='en_US.UTF-8'
export LOGNAME='bot4voc'
export NVM_DIR='/home/bot4voc/.nvm'
export PATH='/usr/local/sbin:/usr/local/bin:/usr/sbin:/usr/bin:/sbin:/bin:/usr/games:/usr/local/games:/snap/bin'
export PWD='/home/bot4voc'
export SHELL='/bin/sh'
killall node
node: no process found
Name not provided
____file not found 
  
  
---------------------------------------------------------------------------------------------------------
[17-11-2022 07:55:01]
/var/log//crontabgitnodejs.log
systemctl status cron
● cron.service - Regular background program processing daemon
     Loaded: loaded (/lib/systemd/system/cron.service; enabled; vendor preset: enabled)
     Active: active (running) since Thu 2022-11-17 06:19:38 UTC; 1h 35min ago
       Docs: man:cron(8)
   Main PID: 648 (cron)
      Tasks: 4 (limit: 4575)
     Memory: 3.1M
        CPU: 495ms
     CGroup: /system.slice/cron.service
             ├─  648 /usr/sbin/cron -f -P
             ├─13332 /usr/sbin/CRON -f -P
             ├─13334 /bin/sh -c ". \$HOME/source/crontabconf/gitnodejs.sh t bot4voc >> /var/log/bot4voc/crontabgitnodejs.log 2>&1"
             └─13336 systemctl status cron

Warning: some journal files were not opened due to insufficient permissions.
id
uid=1001(bot4voc) gid=1001(bot4voc) groups=1001(bot4voc),27(sudo)
export
export HOME='/home/bot4voc'
export LANG='en_US.UTF-8'
export LOGNAME='bot4voc'
export NVM_DIR='/home/bot4voc/.nvm'
export PATH='/usr/local/sbin:/usr/local/bin:/usr/sbin:/usr/bin:/sbin:/bin:/usr/games:/usr/local/games:/snap/bin'
export PWD='/home/bot4voc'
export SHELL='/bin/sh'
killall node
node: no process found
Name not provided
____file not found 
  
  
---------------------------------------------------------------------------------------------------------
[17-11-2022 08:00:01]
/var/log//crontabgitnodejs.log
systemctl status cron
● cron.service - Regular background program processing daemon
     Loaded: loaded (/lib/systemd/system/cron.service; enabled; vendor preset: enabled)
     Active: active (running) since Thu 2022-11-17 06:19:38 UTC; 1h 40min ago
       Docs: man:cron(8)
   Main PID: 648 (cron)
      Tasks: 4 (limit: 4575)
     Memory: 3.2M
        CPU: 517ms
     CGroup: /system.slice/cron.service
             ├─  648 /usr/sbin/cron -f -P
             ├─13361 /usr/sbin/CRON -f -P
             ├─13363 /bin/sh -c ". \$HOME/source/crontabconf/gitnodejs.sh t bot4voc >> /var/log/bot4voc/crontabgitnodejs.log 2>&1"
             └─13367 systemctl status cron

Warning: some journal files were not opened due to insufficient permissions.
id
uid=1001(bot4voc) gid=1001(bot4voc) groups=1001(bot4voc),27(sudo)
export
export HOME='/home/bot4voc'
export LANG='en_US.UTF-8'
export LOGNAME='bot4voc'
export NVM_DIR='/home/bot4voc/.nvm'
export PATH='/usr/local/sbin:/usr/local/bin:/usr/sbin:/usr/bin:/sbin:/bin:/usr/games:/usr/local/games:/snap/bin'
export PWD='/home/bot4voc'
export SHELL='/bin/sh'
killall node
node: no process found
Name not provided
____file not found 
  
  
---------------------------------------------------------------------------------------------------------
[17-11-2022 08:05:01]
/var/log//crontabgitnodejs.log
systemctl status cron
● cron.service - Regular background program processing daemon
     Loaded: loaded (/lib/systemd/system/cron.service; enabled; vendor preset: enabled)
     Active: active (running) since Thu 2022-11-17 06:19:38 UTC; 1h 45min ago
       Docs: man:cron(8)
   Main PID: 648 (cron)
      Tasks: 4 (limit: 4575)
     Memory: 3.1M
        CPU: 533ms
     CGroup: /system.slice/cron.service
             ├─  648 /usr/sbin/cron -f -P
             ├─13409 /usr/sbin/CRON -f -P
             ├─13412 /bin/sh -c ". \$HOME/source/crontabconf/gitnodejs.sh t bot4voc >> /var/log/bot4voc/crontabgitnodejs.log 2>&1"
             └─13414 systemctl status cron

Warning: some journal files were not opened due to insufficient permissions.
id
uid=1001(bot4voc) gid=1001(bot4voc) groups=1001(bot4voc),27(sudo)
export
export HOME='/home/bot4voc'
export LANG='en_US.UTF-8'
export LOGNAME='bot4voc'
export NVM_DIR='/home/bot4voc/.nvm'
export PATH='/usr/local/sbin:/usr/local/bin:/usr/sbin:/usr/bin:/sbin:/bin:/usr/games:/usr/local/games:/snap/bin'
export PWD='/home/bot4voc'
export SHELL='/bin/sh'
killall node
node: no process found
Name not provided
____file not found 
  
  
---------------------------------------------------------------------------------------------------------
[17-11-2022 08:10:01]
/var/log//crontabgitnodejs.log
systemctl status cron
● cron.service - Regular background program processing daemon
     Loaded: loaded (/lib/systemd/system/cron.service; enabled; vendor preset: enabled)
     Active: active (running) since Thu 2022-11-17 06:19:38 UTC; 1h 50min ago
       Docs: man:cron(8)
   Main PID: 648 (cron)
      Tasks: 4 (limit: 4575)
     Memory: 3.0M
        CPU: 556ms
     CGroup: /system.slice/cron.service
             ├─  648 /usr/sbin/cron -f -P
             ├─13426 /usr/sbin/CRON -f -P
             ├─13428 /bin/sh -c ". \$HOME/source/crontabconf/gitnodejs.sh t bot4voc >> /var/log/bot4voc/crontabgitnodejs.log 2>&1"
             └─13430 systemctl status cron

Warning: some journal files were not opened due to insufficient permissions.
id
uid=1001(bot4voc) gid=1001(bot4voc) groups=1001(bot4voc),27(sudo)
export
export HOME='/home/bot4voc'
export LANG='en_US.UTF-8'
export LOGNAME='bot4voc'
export NVM_DIR='/home/bot4voc/.nvm'
export PATH='/usr/local/sbin:/usr/local/bin:/usr/sbin:/usr/bin:/sbin:/bin:/usr/games:/usr/local/games:/snap/bin'
export PWD='/home/bot4voc'
export SHELL='/bin/sh'
killall node
node: no process found
Name not provided
____file not found 
  
  
---------------------------------------------------------------------------------------------------------
[17-11-2022 08:15:01]
/var/log//crontabgitnodejs.log
systemctl status cron
● cron.service - Regular background program processing daemon
     Loaded: loaded (/lib/systemd/system/cron.service; enabled; vendor preset: enabled)
     Active: active (running) since Thu 2022-11-17 06:19:38 UTC; 1h 55min ago
       Docs: man:cron(8)
   Main PID: 648 (cron)
      Tasks: 4 (limit: 4575)
     Memory: 3.2M
        CPU: 595ms
     CGroup: /system.slice/cron.service
             ├─  648 /usr/sbin/cron -f -P
             ├─13462 /usr/sbin/CRON -f -P
             ├─13463 /bin/sh -c ". \$HOME/source/crontabconf/gitnodejs.sh t bot4voc >> /var/log/bot4voc/crontabgitnodejs.log 2>&1"
             └─13467 systemctl status cron

Warning: some journal files were not opened due to insufficient permissions.
id
uid=1001(bot4voc) gid=1001(bot4voc) groups=1001(bot4voc),27(sudo)
export
export HOME='/home/bot4voc'
export LANG='en_US.UTF-8'
export LOGNAME='bot4voc'
export NVM_DIR='/home/bot4voc/.nvm'
export PATH='/usr/local/sbin:/usr/local/bin:/usr/sbin:/usr/bin:/sbin:/bin:/usr/games:/usr/local/games:/snap/bin'
export PWD='/home/bot4voc'
export SHELL='/bin/sh'
killall node
node: no process found
Name not provided
____file not found 
  
  
---------------------------------------------------------------------------------------------------------
[17-11-2022 08:20:01]
/var/log//crontabgitnodejs.log
systemctl status cron
● cron.service - Regular background program processing daemon
     Loaded: loaded (/lib/systemd/system/cron.service; enabled; vendor preset: enabled)
     Active: active (running) since Thu 2022-11-17 06:19:38 UTC; 2h 0min ago
       Docs: man:cron(8)
   Main PID: 648 (cron)
      Tasks: 4 (limit: 4575)
     Memory: 3.1M
        CPU: 625ms
     CGroup: /system.slice/cron.service
             ├─  648 /usr/sbin/cron -f -P
             ├─13483 /usr/sbin/CRON -f -P
             ├─13486 /bin/sh -c ". \$HOME/source/crontabconf/gitnodejs.sh t bot4voc >> /var/log/bot4voc/crontabgitnodejs.log 2>&1"
             └─13488 systemctl status cron

Warning: some journal files were not opened due to insufficient permissions.
id
uid=1001(bot4voc) gid=1001(bot4voc) groups=1001(bot4voc),27(sudo)
export
export HOME='/home/bot4voc'
export LANG='en_US.UTF-8'
export LOGNAME='bot4voc'
export NVM_DIR='/home/bot4voc/.nvm'
export PATH='/usr/local/sbin:/usr/local/bin:/usr/sbin:/usr/bin:/sbin:/bin:/usr/games:/usr/local/games:/snap/bin'
export PWD='/home/bot4voc'
export SHELL='/bin/sh'
killall node
node: no process found
Name not provided
____file not found 
  
  
---------------------------------------------------------------------------------------------------------
[17-11-2022 08:35:01]
/var/log//crontabgitnodejs.log
systemctl status cron
● cron.service - Regular background program processing daemon
     Loaded: loaded (/lib/systemd/system/cron.service; enabled; vendor preset: enabled)
     Active: active (running) since Thu 2022-11-17 06:19:38 UTC; 2h 15min ago
       Docs: man:cron(8)
   Main PID: 648 (cron)
      Tasks: 4 (limit: 4575)
     Memory: 3.1M
        CPU: 654ms
     CGroup: /system.slice/cron.service
             ├─  648 /usr/sbin/cron -f -P
             ├─13655 /usr/sbin/CRON -f -P
             ├─13656 /bin/sh -c ". \$HOME/source/crontabconf/gitnodejs.sh t bot4voc >> /var/log/bot4voc/crontabgitnodejs.log 2>&1"
             └─13658 systemctl status cron

Warning: some journal files were not opened due to insufficient permissions.
id
uid=1001(bot4voc) gid=1001(bot4voc) groups=1001(bot4voc),27(sudo)
export
export HOME='/home/bot4voc'
export LANG='en_US.UTF-8'
export LOGNAME='bot4voc'
export NVM_DIR='/home/bot4voc/.nvm'
export PATH='/usr/local/sbin:/usr/local/bin:/usr/sbin:/usr/bin:/sbin:/bin:/usr/games:/usr/local/games:/snap/bin'
export PWD='/home/bot4voc'
export SHELL='/bin/sh'
killall node
node: no process found
Name not provided
____file not found 
  
  
---------------------------------------------------------------------------------------------------------
[17-11-2022 08:40:01]
/var/log//crontabgitnodejs.log
systemctl status cron
● cron.service - Regular background program processing daemon
     Loaded: loaded (/lib/systemd/system/cron.service; enabled; vendor preset: enabled)
     Active: active (running) since Thu 2022-11-17 06:19:38 UTC; 2h 20min ago
       Docs: man:cron(8)
   Main PID: 648 (cron)
      Tasks: 4 (limit: 4575)
     Memory: 3.1M
        CPU: 677ms
     CGroup: /system.slice/cron.service
             ├─  648 /usr/sbin/cron -f -P
             ├─13665 /usr/sbin/CRON -f -P
             ├─13666 /bin/sh -c ". \$HOME/source/crontabconf/gitnodejs.sh t bot4voc >> /var/log/bot4voc/crontabgitnodejs.log 2>&1"
             └─13668 systemctl status cron

Warning: some journal files were not opened due to insufficient permissions.
id
uid=1001(bot4voc) gid=1001(bot4voc) groups=1001(bot4voc),27(sudo)
export
export HOME='/home/bot4voc'
export LANG='en_US.UTF-8'
export LOGNAME='bot4voc'
export NVM_DIR='/home/bot4voc/.nvm'
export PATH='/usr/local/sbin:/usr/local/bin:/usr/sbin:/usr/bin:/sbin:/bin:/usr/games:/usr/local/games:/snap/bin'
export PWD='/home/bot4voc'
export SHELL='/bin/sh'
killall node
node: no process found
Name not provided
____file not found 
  
  
---------------------------------------------------------------------------------------------------------
[17-11-2022 08:45:01]
/var/log//crontabgitnodejs.log
systemctl status cron
● cron.service - Regular background program processing daemon
     Loaded: loaded (/lib/systemd/system/cron.service; enabled; vendor preset: enabled)
     Active: active (running) since Thu 2022-11-17 06:19:38 UTC; 2h 25min ago
       Docs: man:cron(8)
   Main PID: 648 (cron)
      Tasks: 4 (limit: 4575)
     Memory: 3.2M
        CPU: 720ms
     CGroup: /system.slice/cron.service
             ├─  648 /usr/sbin/cron -f -P
             ├─13684 /usr/sbin/CRON -f -P
             ├─13686 /bin/sh -c ". \$HOME/source/crontabconf/gitnodejs.sh t bot4voc >> /var/log/bot4voc/crontabgitnodejs.log 2>&1"
             └─13690 systemctl status cron

Warning: some journal files were not opened due to insufficient permissions.
id
uid=1001(bot4voc) gid=1001(bot4voc) groups=1001(bot4voc),27(sudo)
export
export HOME='/home/bot4voc'
export LANG='en_US.UTF-8'
export LOGNAME='bot4voc'
export NVM_DIR='/home/bot4voc/.nvm'
export PATH='/usr/local/sbin:/usr/local/bin:/usr/sbin:/usr/bin:/sbin:/bin:/usr/games:/usr/local/games:/snap/bin'
export PWD='/home/bot4voc'
export SHELL='/bin/sh'
killall node
node: no process found
Name not provided
____file not found 
  
  
---------------------------------------------------------------------------------------------------------
[17-11-2022 08:50:01]
/var/log//crontabgitnodejs.log
systemctl status cron
● cron.service - Regular background program processing daemon
     Loaded: loaded (/lib/systemd/system/cron.service; enabled; vendor preset: enabled)
     Active: active (running) since Thu 2022-11-17 06:19:38 UTC; 2h 30min ago
       Docs: man:cron(8)
   Main PID: 648 (cron)
      Tasks: 4 (limit: 4575)
     Memory: 3.1M
        CPU: 749ms
     CGroup: /system.slice/cron.service
             ├─  648 /usr/sbin/cron -f -P
             ├─13746 /usr/sbin/CRON -f -P
             ├─13749 /bin/sh -c ". \$HOME/source/crontabconf/gitnodejs.sh t bot4voc >> /var/log/bot4voc/crontabgitnodejs.log 2>&1"
             └─13751 systemctl status cron

Warning: some journal files were not opened due to insufficient permissions.
id
uid=1001(bot4voc) gid=1001(bot4voc) groups=1001(bot4voc),27(sudo)
export
export HOME='/home/bot4voc'
export LANG='en_US.UTF-8'
export LOGNAME='bot4voc'
export NVM_DIR='/home/bot4voc/.nvm'
export PATH='/usr/local/sbin:/usr/local/bin:/usr/sbin:/usr/bin:/sbin:/bin:/usr/games:/usr/local/games:/snap/bin'
export PWD='/home/bot4voc'
export SHELL='/bin/sh'
killall node
node: no process found
Name not provided
____file not found 
  
  
---------------------------------------------------------------------------------------------------------
[17-11-2022 09:00:02]
/var/log//crontabgitnodejs.log
systemctl status cron
● cron.service - Regular background program processing daemon
     Loaded: loaded (/lib/systemd/system/cron.service; enabled; vendor preset: enabled)
     Active: active (running) since Thu 2022-11-17 06:19:38 UTC; 2h 40min ago
       Docs: man:cron(8)
   Main PID: 648 (cron)
      Tasks: 4 (limit: 4575)
     Memory: 3.2M
        CPU: 779ms
     CGroup: /system.slice/cron.service
             ├─  648 /usr/sbin/cron -f -P
             ├─13898 /usr/sbin/CRON -f -P
             ├─13899 /bin/sh -c ". \$HOME/source/crontabconf/gitnodejs.sh t bot4voc >> /var/log/bot4voc/crontabgitnodejs.log 2>&1"
             └─13903 systemctl status cron

Warning: some journal files were not opened due to insufficient permissions.
id
uid=1001(bot4voc) gid=1001(bot4voc) groups=1001(bot4voc),27(sudo)
export
export HOME='/home/bot4voc'
export LANG='en_US.UTF-8'
export LOGNAME='bot4voc'
export NVM_DIR='/home/bot4voc/.nvm'
export PATH='/usr/local/sbin:/usr/local/bin:/usr/sbin:/usr/bin:/sbin:/bin:/usr/games:/usr/local/games:/snap/bin'
export PWD='/home/bot4voc'
export SHELL='/bin/sh'
killall node
node: no process found
Name not provided
____file not found 
  
  
---------------------------------------------------------------------------------------------------------
[17-11-2022 09:05:01]
/var/log//crontabgitnodejs.log
systemctl status cron
● cron.service - Regular background program processing daemon
     Loaded: loaded (/lib/systemd/system/cron.service; enabled; vendor preset: enabled)
     Active: active (running) since Thu 2022-11-17 06:19:38 UTC; 2h 45min ago
       Docs: man:cron(8)
   Main PID: 648 (cron)
      Tasks: 4 (limit: 4575)
     Memory: 3.0M
        CPU: 798ms
     CGroup: /system.slice/cron.service
             ├─  648 /usr/sbin/cron -f -P
             ├─13927 /usr/sbin/CRON -f -P
             ├─13928 /bin/sh -c ". \$HOME/source/crontabconf/gitnodejs.sh t bot4voc >> /var/log/bot4voc/crontabgitnodejs.log 2>&1"
             └─13930 systemctl status cron

Warning: some journal files were not opened due to insufficient permissions.
id
uid=1001(bot4voc) gid=1001(bot4voc) groups=1001(bot4voc),27(sudo)
export
export HOME='/home/bot4voc'
export LANG='en_US.UTF-8'
export LOGNAME='bot4voc'
export NVM_DIR='/home/bot4voc/.nvm'
export PATH='/usr/local/sbin:/usr/local/bin:/usr/sbin:/usr/bin:/sbin:/bin:/usr/games:/usr/local/games:/snap/bin'
export PWD='/home/bot4voc'
export SHELL='/bin/sh'
killall node
node: no process found
Name not provided
____file not found 
  
  
---------------------------------------------------------------------------------------------------------
[17-11-2022 09:10:01]
/var/log//crontabgitnodejs.log
systemctl status cron
● cron.service - Regular background program processing daemon
     Loaded: loaded (/lib/systemd/system/cron.service; enabled; vendor preset: enabled)
     Active: active (running) since Thu 2022-11-17 06:19:38 UTC; 2h 50min ago
       Docs: man:cron(8)
   Main PID: 648 (cron)
      Tasks: 4 (limit: 4575)
     Memory: 3.1M
        CPU: 827ms
     CGroup: /system.slice/cron.service
             ├─  648 /usr/sbin/cron -f -P
             ├─13938 /usr/sbin/CRON -f -P
             ├─13939 /bin/sh -c ". \$HOME/source/crontabconf/gitnodejs.sh t bot4voc >> /var/log/bot4voc/crontabgitnodejs.log 2>&1"
             └─13941 systemctl status cron

Warning: some journal files were not opened due to insufficient permissions.
id
uid=1001(bot4voc) gid=1001(bot4voc) groups=1001(bot4voc),27(sudo)
export
export HOME='/home/bot4voc'
export LANG='en_US.UTF-8'
export LOGNAME='bot4voc'
export NVM_DIR='/home/bot4voc/.nvm'
export PATH='/usr/local/sbin:/usr/local/bin:/usr/sbin:/usr/bin:/sbin:/bin:/usr/games:/usr/local/games:/snap/bin'
export PWD='/home/bot4voc'
export SHELL='/bin/sh'
killall node
node: no process found
Name not provided
____file not found 
  
  
---------------------------------------------------------------------------------------------------------
[17-11-2022 09:50:01]
/var/log//crontabgitnodejs.log
systemctl status cron
● cron.service - Regular background program processing daemon
     Loaded: loaded (/lib/systemd/system/cron.service; enabled; vendor preset: enabled)
     Active: active (running) since Thu 2022-11-17 06:19:38 UTC; 3h 30min ago
       Docs: man:cron(8)
   Main PID: 648 (cron)
      Tasks: 4 (limit: 4575)
     Memory: 3.1M
        CPU: 873ms
     CGroup: /system.slice/cron.service
             ├─  648 /usr/sbin/cron -f -P
             ├─14361 /usr/sbin/CRON -f -P
             ├─14362 /bin/sh -c ". \$HOME/source/crontabconf/gitnodejs.sh t bot4voc >> /var/log/bot4voc/crontabgitnodejs.log 2>&1"
             └─14364 systemctl status cron

Warning: some journal files were not opened due to insufficient permissions.
id
uid=1001(bot4voc) gid=1001(bot4voc) groups=1001(bot4voc),27(sudo)
export
export HOME='/home/bot4voc'
export LANG='en_US.UTF-8'
export LOGNAME='bot4voc'
export NVM_DIR='/home/bot4voc/.nvm'
export PATH='/usr/local/sbin:/usr/local/bin:/usr/sbin:/usr/bin:/sbin:/bin:/usr/games:/usr/local/games:/snap/bin'
export PWD='/home/bot4voc'
export SHELL='/bin/sh'
killall node
node: no process found
Name not provided
____file not found 
  
  
---------------------------------------------------------------------------------------------------------
[17-11-2022 09:55:01]
/var/log//crontabgitnodejs.log
systemctl status cron
● cron.service - Regular background program processing daemon
     Loaded: loaded (/lib/systemd/system/cron.service; enabled; vendor preset: enabled)
     Active: active (running) since Thu 2022-11-17 06:19:38 UTC; 3h 35min ago
       Docs: man:cron(8)
   Main PID: 648 (cron)
      Tasks: 4 (limit: 4575)
     Memory: 3.0M
        CPU: 904ms
     CGroup: /system.slice/cron.service
             ├─  648 /usr/sbin/cron -f -P
             ├─14371 /usr/sbin/CRON -f -P
             ├─14372 /bin/sh -c ". \$HOME/source/crontabconf/gitnodejs.sh t bot4voc >> /var/log/bot4voc/crontabgitnodejs.log 2>&1"
             └─14374 systemctl status cron

Warning: some journal files were not opened due to insufficient permissions.
id
uid=1001(bot4voc) gid=1001(bot4voc) groups=1001(bot4voc),27(sudo)
export
export HOME='/home/bot4voc'
export LANG='en_US.UTF-8'
export LOGNAME='bot4voc'
export NVM_DIR='/home/bot4voc/.nvm'
export PATH='/usr/local/sbin:/usr/local/bin:/usr/sbin:/usr/bin:/sbin:/bin:/usr/games:/usr/local/games:/snap/bin'
export PWD='/home/bot4voc'
export SHELL='/bin/sh'
killall node
node: no process found
Name not provided
____file not found 
  
  
---------------------------------------------------------------------------------------------------------
[17-11-2022 10:00:01]
/var/log//crontabgitnodejs.log
systemctl status cron
● cron.service - Regular background program processing daemon
     Loaded: loaded (/lib/systemd/system/cron.service; enabled; vendor preset: enabled)
     Active: active (running) since Thu 2022-11-17 06:19:38 UTC; 3h 40min ago
       Docs: man:cron(8)
   Main PID: 648 (cron)
      Tasks: 4 (limit: 4575)
     Memory: 3.2M
        CPU: 946ms
     CGroup: /system.slice/cron.service
             ├─  648 /usr/sbin/cron -f -P
             ├─14384 /usr/sbin/CRON -f -P
             ├─14386 /bin/sh -c ". \$HOME/source/crontabconf/gitnodejs.sh t bot4voc >> /var/log/bot4voc/crontabgitnodejs.log 2>&1"
             └─14390 systemctl status cron

Warning: some journal files were not opened due to insufficient permissions.
id
uid=1001(bot4voc) gid=1001(bot4voc) groups=1001(bot4voc),27(sudo)
export
export HOME='/home/bot4voc'
export LANG='en_US.UTF-8'
export LOGNAME='bot4voc'
export NVM_DIR='/home/bot4voc/.nvm'
export PATH='/usr/local/sbin:/usr/local/bin:/usr/sbin:/usr/bin:/sbin:/bin:/usr/games:/usr/local/games:/snap/bin'
export PWD='/home/bot4voc'
export SHELL='/bin/sh'
killall node
node: no process found
Name not provided
____file not found 
  
  
---------------------------------------------------------------------------------------------------------
[17-11-2022 10:05:01]
/var/log//crontabgitnodejs.log
systemctl status cron
● cron.service - Regular background program processing daemon
     Loaded: loaded (/lib/systemd/system/cron.service; enabled; vendor preset: enabled)
     Active: active (running) since Thu 2022-11-17 06:19:38 UTC; 3h 45min ago
       Docs: man:cron(8)
   Main PID: 648 (cron)
      Tasks: 4 (limit: 4575)
     Memory: 3.1M
        CPU: 970ms
     CGroup: /system.slice/cron.service
             ├─  648 /usr/sbin/cron -f -P
             ├─14396 /usr/sbin/CRON -f -P
             ├─14397 /bin/sh -c ". \$HOME/source/crontabconf/gitnodejs.sh t bot4voc >> /var/log/bot4voc/crontabgitnodejs.log 2>&1"
             └─14399 systemctl status cron

Warning: some journal files were not opened due to insufficient permissions.
id
uid=1001(bot4voc) gid=1001(bot4voc) groups=1001(bot4voc),27(sudo)
export
export HOME='/home/bot4voc'
export LANG='en_US.UTF-8'
export LOGNAME='bot4voc'
export NVM_DIR='/home/bot4voc/.nvm'
export PATH='/usr/local/sbin:/usr/local/bin:/usr/sbin:/usr/bin:/sbin:/bin:/usr/games:/usr/local/games:/snap/bin'
export PWD='/home/bot4voc'
export SHELL='/bin/sh'
killall node
node: no process found
Name not provided
____file not found 
  
  
---------------------------------------------------------------------------------------------------------
[17-11-2022 10:10:01]
/var/log//crontabgitnodejs.log
systemctl status cron
● cron.service - Regular background program processing daemon
     Loaded: loaded (/lib/systemd/system/cron.service; enabled; vendor preset: enabled)
     Active: active (running) since Thu 2022-11-17 06:19:38 UTC; 3h 50min ago
       Docs: man:cron(8)
   Main PID: 648 (cron)
      Tasks: 4 (limit: 4575)
     Memory: 3.1M
        CPU: 1.002s
     CGroup: /system.slice/cron.service
             ├─  648 /usr/sbin/cron -f -P
             ├─14425 /usr/sbin/CRON -f -P
             ├─14428 /bin/sh -c ". \$HOME/source/crontabconf/gitnodejs.sh t bot4voc >> /var/log/bot4voc/crontabgitnodejs.log 2>&1"
             └─14430 systemctl status cron

Warning: some journal files were not opened due to insufficient permissions.
id
uid=1001(bot4voc) gid=1001(bot4voc) groups=1001(bot4voc),27(sudo)
export
export HOME='/home/bot4voc'
export LANG='en_US.UTF-8'
export LOGNAME='bot4voc'
export NVM_DIR='/home/bot4voc/.nvm'
export PATH='/usr/local/sbin:/usr/local/bin:/usr/sbin:/usr/bin:/sbin:/bin:/usr/games:/usr/local/games:/snap/bin'
export PWD='/home/bot4voc'
export SHELL='/bin/sh'
killall node
node: no process found
Name not provided
____file not found 
  
  
---------------------------------------------------------------------------------------------------------
[17-11-2022 10:15:01]
/var/log//crontabgitnodejs.log
systemctl status cron
● cron.service - Regular background program processing daemon
     Loaded: loaded (/lib/systemd/system/cron.service; enabled; vendor preset: enabled)
     Active: active (running) since Thu 2022-11-17 06:19:38 UTC; 3h 55min ago
       Docs: man:cron(8)
   Main PID: 648 (cron)
      Tasks: 4 (limit: 4575)
     Memory: 3.1M
        CPU: 1.055s
     CGroup: /system.slice/cron.service
             ├─  648 /usr/sbin/cron -f -P
             ├─14479 /usr/sbin/CRON -f -P
             ├─14482 /bin/sh -c ". \$HOME/source/crontabconf/gitnodejs.sh t bot4voc >> /var/log/bot4voc/crontabgitnodejs.log 2>&1"
             └─14486 systemctl status cron

Warning: some journal files were not opened due to insufficient permissions.
id
uid=1001(bot4voc) gid=1001(bot4voc) groups=1001(bot4voc),27(sudo)
export
export HOME='/home/bot4voc'
export LANG='en_US.UTF-8'
export LOGNAME='bot4voc'
export NVM_DIR='/home/bot4voc/.nvm'
export PATH='/usr/local/sbin:/usr/local/bin:/usr/sbin:/usr/bin:/sbin:/bin:/usr/games:/usr/local/games:/snap/bin'
export PWD='/home/bot4voc'
export SHELL='/bin/sh'
killall node
node: no process found
Name not provided
____file not found 
  
  
---------------------------------------------------------------------------------------------------------
[17-11-2022 10:20:01]
/var/log//crontabgitnodejs.log
systemctl status cron
● cron.service - Regular background program processing daemon
     Loaded: loaded (/lib/systemd/system/cron.service; enabled; vendor preset: enabled)
     Active: active (running) since Thu 2022-11-17 06:19:38 UTC; 4h 0min ago
       Docs: man:cron(8)
   Main PID: 648 (cron)
      Tasks: 4 (limit: 4575)
     Memory: 3.1M
        CPU: 1.100s
     CGroup: /system.slice/cron.service
             ├─  648 /usr/sbin/cron -f -P
             ├─14526 /usr/sbin/CRON -f -P
             ├─14529 /bin/sh -c ". \$HOME/source/crontabconf/gitnodejs.sh t bot4voc >> /var/log/bot4voc/crontabgitnodejs.log 2>&1"
             └─14531 systemctl status cron

Warning: some journal files were not opened due to insufficient permissions.
id
uid=1001(bot4voc) gid=1001(bot4voc) groups=1001(bot4voc),27(sudo)
export
export HOME='/home/bot4voc'
export LANG='en_US.UTF-8'
export LOGNAME='bot4voc'
export NVM_DIR='/home/bot4voc/.nvm'
export PATH='/usr/local/sbin:/usr/local/bin:/usr/sbin:/usr/bin:/sbin:/bin:/usr/games:/usr/local/games:/snap/bin'
export PWD='/home/bot4voc'
export SHELL='/bin/sh'
killall node
node: no process found
Name not provided
____file not found 
  
  
---------------------------------------------------------------------------------------------------------
[17-11-2022 10:25:01]
/var/log//crontabgitnodejs.log
systemctl status cron
● cron.service - Regular background program processing daemon
     Loaded: loaded (/lib/systemd/system/cron.service; enabled; vendor preset: enabled)
     Active: active (running) since Thu 2022-11-17 06:19:38 UTC; 4h 5min ago
       Docs: man:cron(8)
   Main PID: 648 (cron)
      Tasks: 4 (limit: 4575)
     Memory: 3.1M
        CPU: 1.127s
     CGroup: /system.slice/cron.service
             ├─  648 /usr/sbin/cron -f -P
             ├─14577 /usr/sbin/CRON -f -P
             ├─14580 /bin/sh -c ". \$HOME/source/crontabconf/gitnodejs.sh t bot4voc >> /var/log/bot4voc/crontabgitnodejs.log 2>&1"
             └─14582 systemctl status cron

Warning: some journal files were not opened due to insufficient permissions.
id
uid=1001(bot4voc) gid=1001(bot4voc) groups=1001(bot4voc),27(sudo)
export
export HOME='/home/bot4voc'
export LANG='en_US.UTF-8'
export LOGNAME='bot4voc'
export NVM_DIR='/home/bot4voc/.nvm'
export PATH='/usr/local/sbin:/usr/local/bin:/usr/sbin:/usr/bin:/sbin:/bin:/usr/games:/usr/local/games:/snap/bin'
export PWD='/home/bot4voc'
export SHELL='/bin/sh'
killall node
node: no process found
Name not provided
____file not found 
  
  
---------------------------------------------------------------------------------------------------------
[17-11-2022 10:30:01]
/var/log//crontabgitnodejs.log
systemctl status cron
● cron.service - Regular background program processing daemon
     Loaded: loaded (/lib/systemd/system/cron.service; enabled; vendor preset: enabled)
     Active: active (running) since Thu 2022-11-17 06:19:38 UTC; 4h 10min ago
       Docs: man:cron(8)
   Main PID: 648 (cron)
      Tasks: 4 (limit: 4575)
     Memory: 3.2M
        CPU: 1.168s
     CGroup: /system.slice/cron.service
             ├─  648 /usr/sbin/cron -f -P
             ├─14618 /usr/sbin/CRON -f -P
             ├─14620 /bin/sh -c ". \$HOME/source/crontabconf/gitnodejs.sh t bot4voc >> /var/log/bot4voc/crontabgitnodejs.log 2>&1"
             └─14623 systemctl status cron

Warning: some journal files were not opened due to insufficient permissions.
id
uid=1001(bot4voc) gid=1001(bot4voc) groups=1001(bot4voc),27(sudo)
export
export HOME='/home/bot4voc'
export LANG='en_US.UTF-8'
export LOGNAME='bot4voc'
export NVM_DIR='/home/bot4voc/.nvm'
export PATH='/usr/local/sbin:/usr/local/bin:/usr/sbin:/usr/bin:/sbin:/bin:/usr/games:/usr/local/games:/snap/bin'
export PWD='/home/bot4voc'
export SHELL='/bin/sh'
killall node
node: no process found
Name not provided
____file not found 
  
  
---------------------------------------------------------------------------------------------------------
[17-11-2022 10:35:01]
/var/log//crontabgitnodejs.log
systemctl status cron
● cron.service - Regular background program processing daemon
     Loaded: loaded (/lib/systemd/system/cron.service; enabled; vendor preset: enabled)
     Active: active (running) since Thu 2022-11-17 06:19:38 UTC; 4h 15min ago
       Docs: man:cron(8)
   Main PID: 648 (cron)
      Tasks: 4 (limit: 4575)
     Memory: 3.1M
        CPU: 1.193s
     CGroup: /system.slice/cron.service
             ├─  648 /usr/sbin/cron -f -P
             ├─14699 /usr/sbin/CRON -f -P
             ├─14702 /bin/sh -c ". \$HOME/source/crontabconf/gitnodejs.sh t bot4voc >> /var/log/bot4voc/crontabgitnodejs.log 2>&1"
             └─14704 systemctl status cron

Warning: some journal files were not opened due to insufficient permissions.
id
uid=1001(bot4voc) gid=1001(bot4voc) groups=1001(bot4voc),27(sudo)
export
export HOME='/home/bot4voc'
export LANG='en_US.UTF-8'
export LOGNAME='bot4voc'
export NVM_DIR='/home/bot4voc/.nvm'
export PATH='/usr/local/sbin:/usr/local/bin:/usr/sbin:/usr/bin:/sbin:/bin:/usr/games:/usr/local/games:/snap/bin'
export PWD='/home/bot4voc'
export SHELL='/bin/sh'
killall node
node: no process found
Name not provided
____file not found 
  
  
---------------------------------------------------------------------------------------------------------
[17-11-2022 10:40:01]
/var/log//crontabgitnodejs.log
systemctl status cron
● cron.service - Regular background program processing daemon
     Loaded: loaded (/lib/systemd/system/cron.service; enabled; vendor preset: enabled)
     Active: active (running) since Thu 2022-11-17 06:19:38 UTC; 4h 20min ago
       Docs: man:cron(8)
   Main PID: 648 (cron)
      Tasks: 4 (limit: 4575)
     Memory: 3.1M
        CPU: 1.223s
     CGroup: /system.slice/cron.service
             ├─  648 /usr/sbin/cron -f -P
             ├─14782 /usr/sbin/CRON -f -P
             ├─14785 /bin/sh -c ". \$HOME/source/crontabconf/gitnodejs.sh t bot4voc >> /var/log/bot4voc/crontabgitnodejs.log 2>&1"
             └─14787 systemctl status cron

Warning: some journal files were not opened due to insufficient permissions.
id
uid=1001(bot4voc) gid=1001(bot4voc) groups=1001(bot4voc),27(sudo)
export
export HOME='/home/bot4voc'
export LANG='en_US.UTF-8'
export LOGNAME='bot4voc'
export NVM_DIR='/home/bot4voc/.nvm'
export PATH='/usr/local/sbin:/usr/local/bin:/usr/sbin:/usr/bin:/sbin:/bin:/usr/games:/usr/local/games:/snap/bin'
export PWD='/home/bot4voc'
export SHELL='/bin/sh'
killall node
node: no process found
Name not provided
____file not found 
  
  
---------------------------------------------------------------------------------------------------------
[17-11-2022 10:45:01]
/var/log//crontabgitnodejs.log
systemctl status cron
● cron.service - Regular background program processing daemon
     Loaded: loaded (/lib/systemd/system/cron.service; enabled; vendor preset: enabled)
     Active: active (running) since Thu 2022-11-17 06:19:38 UTC; 4h 25min ago
       Docs: man:cron(8)
   Main PID: 648 (cron)
      Tasks: 4 (limit: 4575)
     Memory: 3.2M
        CPU: 1.263s
     CGroup: /system.slice/cron.service
             ├─  648 /usr/sbin/cron -f -P
             ├─14856 /usr/sbin/CRON -f -P
             ├─14859 /bin/sh -c ". \$HOME/source/crontabconf/gitnodejs.sh t bot4voc >> /var/log/bot4voc/crontabgitnodejs.log 2>&1"
             └─14863 systemctl status cron

Warning: some journal files were not opened due to insufficient permissions.
id
uid=1001(bot4voc) gid=1001(bot4voc) groups=1001(bot4voc),27(sudo)
export
export HOME='/home/bot4voc'
export LANG='en_US.UTF-8'
export LOGNAME='bot4voc'
export NVM_DIR='/home/bot4voc/.nvm'
export PATH='/usr/local/sbin:/usr/local/bin:/usr/sbin:/usr/bin:/sbin:/bin:/usr/games:/usr/local/games:/snap/bin'
export PWD='/home/bot4voc'
export SHELL='/bin/sh'
killall node
node: no process found
Name not provided
____file not found 
